2026-01-13 19:49:47 - [MAIN_PIPELINE] - INFO - --------------------------------------------------
2026-01-13 19:49:47 - [MAIN_PIPELINE] - INFO - Employee Lifecycle Data Pipeline Started
2026-01-13 19:49:47 - [MAIN_PIPELINE] - INFO - --------------------------------------------------
2026-01-13 19:49:47 - [MAIN_PIPELINE] - INFO - Step 1: Simulation Mode - Generating Data...
2026-01-13 19:49:47 - [scripts.generate_dirty_data] - INFO - Master data not found. GENERATING DATA FROM SCRATCH (Initial Load)...
2026-01-13 19:49:47 - [scripts.generate_dirty_data] - INFO - Initial dataset created and saved into 'sources'.
2026-01-13 19:49:47 - [MAIN_PIPELINE] - INFO - Data generated successfully.
2026-01-13 19:49:47 - [MAIN_PIPELINE] - INFO - === Starting CYCLE 1 (Initial) ETL ===
2026-01-13 19:49:47 - [scripts.bronze_main_load] - INFO - Database connection established for Bronze Layer.
2026-01-13 19:49:47 - [scripts.bronze_main_load] - INFO - CSV file read successfully from 'sources/employees_incoming.csv'. Rows: 200
2026-01-13 19:49:47 - [scripts.bronze_main_load] - INFO - Old Bronze table dropped.
2026-01-13 19:49:47 - [scripts.bronze_main_load] - INFO - Bronze table created successfully.
2026-01-13 19:49:47 - [scripts.bronze_main_load] - INFO - 200 rows inserted into Bronze Layer successfully.
2026-01-13 19:49:47 - [scripts.bronze_main_load] - INFO - Database connection closed.
2026-01-13 19:49:47 - [scripts.bronze_tmp_load] - INFO - Database connection established for Bronze TMP Layer.
2026-01-13 19:49:47 - [scripts.bronze_tmp_load] - INFO - Old TMP table dropped.
2026-01-13 19:49:47 - [scripts.bronze_tmp_load] - INFO - Bronze TMP table created successfully.
2026-01-13 19:49:47 - [scripts.bronze_tmp_load] - INFO - CSV file read successfully. Rows to insert: 200
2026-01-13 19:49:47 - [scripts.bronze_tmp_load] - INFO - Successfully inserted 200 rows into 'bronze.tmp_employees'.
2026-01-13 19:49:47 - [scripts.bronze_tmp_load] - INFO - Connection closed.
2026-01-13 19:49:47 - [scripts.silver_main_load] - INFO - Connection established.
2026-01-13 19:49:47 - [scripts.silver_main_load] - INFO - Silver table created.
2026-01-13 19:49:47 - [scripts.silver_main_load] - INFO - Inserted 200 rows into Silver.
2026-01-13 19:49:47 - [scripts.silver_main_load] - INFO - Connection closed.
2026-01-13 19:49:47 - [scripts.silver_tmp_load] - INFO - Connection established.
2026-01-13 19:49:47 - [scripts.silver_tmp_load] - INFO - Temporary silver table created.
2026-01-13 19:49:47 - [scripts.silver_tmp_load] - INFO - Inserted 200 rows into Silver TMP.
2026-01-13 19:49:47 - [scripts.silver_tmp_load] - INFO - Connection closed.
2026-01-13 19:49:47 - [scripts.silver_cdc_detect] - INFO - Connection established for CDC View creation.
2026-01-13 19:49:47 - [scripts.silver_cdc_detect] - INFO - CDC View (employees_cdc_view) created or updated successfully.
2026-01-13 19:49:47 - [scripts.silver_cdc_detect] - INFO - Connection closed.
2026-01-13 19:49:47 - [scripts.process_cdc] - INFO - CDC transaction started.
2026-01-13 19:49:47 - [scripts.process_cdc] - INFO - Checking for INSERT actions...
2026-01-13 19:49:47 - [scripts.process_cdc] - INFO -  -> 0 rows inserted.
2026-01-13 19:49:47 - [scripts.process_cdc] - INFO - Checking for UPDATE actions...
2026-01-13 19:49:47 - [scripts.process_cdc] - INFO -  -> 0 rows updated.
2026-01-13 19:49:47 - [scripts.process_cdc] - INFO - Checking for DELETE actions...
2026-01-13 19:49:47 - [scripts.process_cdc] - INFO -  -> 0 rows deleted.
2026-01-13 19:49:47 - [scripts.process_cdc] - INFO - Temporary silver table cleared.
2026-01-13 19:49:47 - [scripts.process_cdc] - INFO - CDC transactions committed successfully.
2026-01-13 19:49:47 - [scripts.process_cdc] - INFO - Connection closed.
2026-01-13 19:49:47 - [scripts.gold_main_load] - INFO - Gold Layer ETL Started.
2026-01-13 19:49:47 - [scripts.gold_main_load] - INFO - --- Starting: Department KPI Table ---
2026-01-13 19:49:47 - [scripts.gold_main_load] - INFO - Department KPIs calculated. 7 departments processed.
2026-01-13 19:49:47 - [scripts.gold_main_load] - INFO - --- Starting: Hiring Trends Table ---
2026-01-13 19:49:47 - [scripts.gold_main_load] - INFO - Hiring trends calculated. 6 years processed.
2026-01-13 19:49:47 - [scripts.gold_main_load] - INFO - Gold Layer processing complete.
2026-01-13 19:49:47 - [scripts.gold_main_load] - INFO - Connection closed.
2026-01-13 19:49:47 - [MAIN_PIPELINE] - INFO - === Completed CYCLE 1 (Initial) ETL ===
2026-01-13 19:49:47 - [MAIN_PIPELINE] - INFO - --------------------------------------------------
2026-01-13 19:49:47 - [MAIN_PIPELINE] - INFO - DEMO MODE: Simulating Day 2 (CDC Updates)...
2026-01-13 19:49:47 - [MAIN_PIPELINE] - INFO - --------------------------------------------------
2026-01-13 19:49:49 - [scripts.generate_dirty_data] - INFO - Master data found. Running UPDATE simulation...
2026-01-13 19:49:49 - [scripts.generate_dirty_data] - INFO - Data updated (14 records modified). 'sources/employees_incoming.csv' prepared.
2026-01-13 19:49:49 - [MAIN_PIPELINE] - INFO - === Starting CYCLE 2 (Updates) ETL ===
2026-01-13 19:49:49 - [scripts.bronze_main_load] - INFO - Database connection established for Bronze Layer.
2026-01-13 19:49:49 - [scripts.bronze_main_load] - INFO - CSV file read successfully from 'sources/employees_incoming.csv'. Rows: 200
2026-01-13 19:49:49 - [scripts.bronze_main_load] - INFO - Old Bronze table dropped.
2026-01-13 19:49:49 - [scripts.bronze_main_load] - INFO - Bronze table created successfully.
2026-01-13 19:49:49 - [scripts.bronze_main_load] - INFO - 200 rows inserted into Bronze Layer successfully.
2026-01-13 19:49:49 - [scripts.bronze_main_load] - INFO - Database connection closed.
2026-01-13 19:49:49 - [scripts.bronze_tmp_load] - INFO - Database connection established for Bronze TMP Layer.
2026-01-13 19:49:49 - [scripts.bronze_tmp_load] - INFO - Old TMP table dropped.
2026-01-13 19:49:49 - [scripts.bronze_tmp_load] - INFO - Bronze TMP table created successfully.
2026-01-13 19:49:49 - [scripts.bronze_tmp_load] - INFO - CSV file read successfully. Rows to insert: 200
2026-01-13 19:49:49 - [scripts.bronze_tmp_load] - INFO - Successfully inserted 200 rows into 'bronze.tmp_employees'.
2026-01-13 19:49:49 - [scripts.bronze_tmp_load] - INFO - Connection closed.
2026-01-13 19:49:49 - [scripts.silver_main_load] - INFO - Connection established.
2026-01-13 19:49:49 - [scripts.silver_main_load] - INFO - Silver table created.
2026-01-13 19:49:49 - [scripts.silver_main_load] - INFO - Inserted 200 rows into Silver.
2026-01-13 19:49:49 - [scripts.silver_main_load] - INFO - Connection closed.
2026-01-13 19:49:49 - [scripts.silver_tmp_load] - INFO - Connection established.
2026-01-13 19:49:49 - [scripts.silver_tmp_load] - INFO - Temporary silver table created.
2026-01-13 19:49:49 - [scripts.silver_tmp_load] - INFO - Inserted 200 rows into Silver TMP.
2026-01-13 19:49:49 - [scripts.silver_tmp_load] - INFO - Connection closed.
2026-01-13 19:49:49 - [scripts.silver_cdc_detect] - INFO - Connection established for CDC View creation.
2026-01-13 19:49:49 - [scripts.silver_cdc_detect] - INFO - CDC View (employees_cdc_view) created or updated successfully.
2026-01-13 19:49:49 - [scripts.silver_cdc_detect] - INFO - Connection closed.
2026-01-13 19:49:49 - [scripts.process_cdc] - INFO - CDC transaction started.
2026-01-13 19:49:49 - [scripts.process_cdc] - INFO - Checking for INSERT actions...
2026-01-13 19:49:49 - [scripts.process_cdc] - INFO -  -> 0 rows inserted.
2026-01-13 19:49:49 - [scripts.process_cdc] - INFO - Checking for UPDATE actions...
2026-01-13 19:49:49 - [scripts.process_cdc] - INFO -  -> 0 rows updated.
2026-01-13 19:49:49 - [scripts.process_cdc] - INFO - Checking for DELETE actions...
2026-01-13 19:49:49 - [scripts.process_cdc] - INFO -  -> 0 rows deleted.
2026-01-13 19:49:49 - [scripts.process_cdc] - INFO - Temporary silver table cleared.
2026-01-13 19:49:49 - [scripts.process_cdc] - INFO - CDC transactions committed successfully.
2026-01-13 19:49:49 - [scripts.process_cdc] - INFO - Connection closed.
2026-01-13 19:49:49 - [scripts.gold_main_load] - INFO - Gold Layer ETL Started.
2026-01-13 19:49:49 - [scripts.gold_main_load] - INFO - --- Starting: Department KPI Table ---
2026-01-13 19:49:49 - [scripts.gold_main_load] - INFO - Department KPIs calculated. 7 departments processed.
2026-01-13 19:49:49 - [scripts.gold_main_load] - INFO - --- Starting: Hiring Trends Table ---
2026-01-13 19:49:49 - [scripts.gold_main_load] - INFO - Hiring trends calculated. 6 years processed.
2026-01-13 19:49:49 - [scripts.gold_main_load] - INFO - Gold Layer processing complete.
2026-01-13 19:49:49 - [scripts.gold_main_load] - INFO - Connection closed.
2026-01-13 19:49:49 - [MAIN_PIPELINE] - INFO - === Completed CYCLE 2 (Updates) ETL ===
2026-01-13 19:49:49 - [MAIN_PIPELINE] - INFO - --------------------------------------------------
2026-01-13 19:49:49 - [MAIN_PIPELINE] - INFO - Pipeline Finished Successfully. Total Duration: 2.67 seconds
2026-01-13 19:49:49 - [MAIN_PIPELINE] - INFO - --------------------------------------------------
